
The following have been reloaded with a version change:
  1) gcc/4.8.5 => gcc/8.2.0

[W 2023-07-03 19:19:55.754 LabApp] 'port_retries' has moved from NotebookApp to ServerApp. This config will be passed to ServerApp. Be sure to update your config before our next release.
[I 2023-07-03 19:19:55.772 ServerApp] jupyterlab | extension was successfully linked.
[I 2023-07-03 19:19:55.785 ServerApp] nbclassic | extension was successfully linked.
[I 2023-07-03 19:20:00.492 ServerApp] notebook_shim | extension was successfully linked.
[I 2023-07-03 19:20:00.801 ServerApp] notebook_shim | extension was successfully loaded.
[I 2023-07-03 19:20:00.804 LabApp] JupyterLab extension loaded from /cluster/apps/nss/gcc-8.2.0/python/3.10.4/x86_64/lib64/python3.10/site-packages/jupyterlab
[I 2023-07-03 19:20:00.804 LabApp] JupyterLab application directory is /cluster/apps/nss/gcc-8.2.0/python/3.10.4/x86_64/share/jupyter/lab
[I 2023-07-03 19:20:00.817 ServerApp] jupyterlab | extension was successfully loaded.
[I 2023-07-03 19:20:00.910 ServerApp] nbclassic | extension was successfully loaded.
[I 2023-07-03 19:20:00.911 ServerApp] Serving notebooks from local directory: /cluster/home/amohame/cil/Just_CILlin
[I 2023-07-03 19:20:00.912 ServerApp] Jupyter Server 1.17.0 is running at:
[I 2023-07-03 19:20:00.912 ServerApp] http://10.204.97.6:8888/lab?token=627e5212b2e3b738274f413351461cebfbf60b7c19c5d1f1
[I 2023-07-03 19:20:00.912 ServerApp]  or http://127.0.0.1:8888/lab?token=627e5212b2e3b738274f413351461cebfbf60b7c19c5d1f1
[I 2023-07-03 19:20:00.912 ServerApp] Use Control-C to stop this server and shut down all kernels (twice to skip confirmation).
[C 2023-07-03 19:20:00.952 ServerApp] 
    
    To access the server, open this file in a browser:
        file:///cluster/home/amohame/.local/share/jupyter/runtime/jpserver-68376-open.html
    Or copy and paste one of these URLs:
        http://10.204.97.6:8888/lab?token=627e5212b2e3b738274f413351461cebfbf60b7c19c5d1f1
     or http://127.0.0.1:8888/lab?token=627e5212b2e3b738274f413351461cebfbf60b7c19c5d1f1
[I 2023-07-03 19:21:07.619 LabApp] Build is up to date
[I 2023-07-03 19:21:27.310 ServerApp] Kernel started: 8d35ce1f-12ce-4eb0-aaea-62ce5470314c
[I 2023-07-03 19:21:46.211 ServerApp] Starting buffering for 8d35ce1f-12ce-4eb0-aaea-62ce5470314c:068c6fca-e63b-42c5-8153-6930ddc56c23
[IPKernelApp] ERROR | No such comm target registered: jupyter.widget.control
[IPKernelApp] WARNING | No such comm: 78594107-ac32-47d8-b898-9fe83fbafb51
2023-07-03 19:22:06.431629: I tensorflow/core/util/util.cc:169] oneDNN custom operations are on. You may see slightly different numerical results due to floating-point round-off errors from different computation orders. To turn them off, set the environment variable `TF_ENABLE_ONEDNN_OPTS=0`.
[I 2023-07-03 19:23:27.544 ServerApp] Saving file at /main.ipynb
[I 2023-07-03 19:23:50.936 ServerApp] Saving file at /recipes/sentiment_analysis.py
[I 2023-07-03 19:25:27.878 ServerApp] Saving file at /main.ipynb
[I 2023-07-03 19:31:29.539 ServerApp] Saving file at /main.ipynb
[I 2023-07-03 19:31:44.207 ServerApp] Saving file at /main.ipynb
[I 2023-07-03 19:32:26.686 ServerApp] Saving file at /main.ipynb
[I 2023-07-03 19:35:29.317 ServerApp] Saving file at /main.ipynb
[I 2023-07-03 19:35:50.159 ServerApp] Kernel interrupted: 8d35ce1f-12ce-4eb0-aaea-62ce5470314c
[I 2023-07-03 19:37:30.524 ServerApp] Saving file at /main.ipynb
[I 2023-07-03 19:39:30.892 ServerApp] Saving file at /main.ipynb
[I 2023-07-03 19:41:31.534 ServerApp] Saving file at /main.ipynb
[I 2023-07-03 19:45:30.368 ServerApp] Kernel interrupted: 8d35ce1f-12ce-4eb0-aaea-62ce5470314c
[I 2023-07-03 19:45:31.893 ServerApp] Saving file at /main.ipynb
[I 2023-07-03 19:47:04.988 ServerApp] Saving file at /preprocessing/tokenize.py
[I 2023-07-03 19:47:32.552 ServerApp] Saving file at /main.ipynb
[I 2023-07-03 19:49:11.073 ServerApp] Kernel interrupted: 8d35ce1f-12ce-4eb0-aaea-62ce5470314c
[I 2023-07-03 19:49:22.902 ServerApp] Saving file at /main.ipynb
[I 2023-07-03 19:50:29.063 ServerApp] Kernel interrupted: 8d35ce1f-12ce-4eb0-aaea-62ce5470314c
[I 2023-07-03 19:50:38.769 ServerApp] Saving file at /main.ipynb
[I 2023-07-03 19:52:03.695 ServerApp] Kernel interrupted: 8d35ce1f-12ce-4eb0-aaea-62ce5470314c
[I 2023-07-03 19:52:14.120 ServerApp] Saving file at /main.ipynb
[I 2023-07-03 19:54:14.473 ServerApp] Saving file at /main.ipynb
[I 2023-07-03 19:56:14.802 ServerApp] Saving file at /main.ipynb
[I 2023-07-03 19:58:15.118 ServerApp] Saving file at /main.ipynb
slurmstepd: error: poll(): Bad address
[I 2023-07-03 19:59:54.302 ServerApp] AsyncIOLoopKernelRestarter: restarting kernel (1/5), keep random ports
[W 2023-07-03 19:59:54.311 ServerApp] kernel 8d35ce1f-12ce-4eb0-aaea-62ce5470314c restarted
[W 2023-07-03 19:59:54.324 ServerApp] kernel 8d35ce1f-12ce-4eb0-aaea-62ce5470314c restarted
[I 2023-07-03 19:59:54.446 ServerApp] Starting buffering for 8d35ce1f-12ce-4eb0-aaea-62ce5470314c:113b80ef-c5d1-4a77-b794-92f22bbf0a77
[I 2023-07-03 20:00:15.452 ServerApp] Saving file at /main.ipynb
[IPKernelApp] ERROR | No such comm target registered: jupyter.widget.control
[IPKernelApp] WARNING | No such comm: 52a3d863-3d44-46b8-bdff-00ad93bb68f5
2023-07-03 20:00:37.264784: I tensorflow/core/util/util.cc:169] oneDNN custom operations are on. You may see slightly different numerical results due to floating-point round-off errors from different computation orders. To turn them off, set the environment variable `TF_ENABLE_ONEDNN_OPTS=0`.
[I 2023-07-03 20:02:15.810 ServerApp] Saving file at /main.ipynb
[I 2023-07-03 20:02:24.414 ServerApp] AsyncIOLoopKernelRestarter: restarting kernel (1/5), keep random ports
[W 2023-07-03 20:02:24.417 ServerApp] kernel 8d35ce1f-12ce-4eb0-aaea-62ce5470314c restarted
[W 2023-07-03 20:02:24.419 ServerApp] kernel 8d35ce1f-12ce-4eb0-aaea-62ce5470314c restarted
[I 2023-07-03 20:02:24.648 ServerApp] Starting buffering for 8d35ce1f-12ce-4eb0-aaea-62ce5470314c:113b80ef-c5d1-4a77-b794-92f22bbf0a77
[IPKernelApp] ERROR | No such comm target registered: jupyter.widget.control
[IPKernelApp] WARNING | No such comm: 33242031-eb94-44f5-820a-58dc11b96840
2023-07-03 20:03:34.471017: I tensorflow/core/util/util.cc:169] oneDNN custom operations are on. You may see slightly different numerical results due to floating-point round-off errors from different computation orders. To turn them off, set the environment variable `TF_ENABLE_ONEDNN_OPTS=0`.
[I 2023-07-03 20:04:16.138 ServerApp] Saving file at /main.ipynb
[I 2023-07-03 20:05:24.477 ServerApp] AsyncIOLoopKernelRestarter: restarting kernel (1/5), keep random ports
[W 2023-07-03 20:05:24.484 ServerApp] kernel 8d35ce1f-12ce-4eb0-aaea-62ce5470314c restarted
[W 2023-07-03 20:05:24.491 ServerApp] kernel 8d35ce1f-12ce-4eb0-aaea-62ce5470314c restarted
[I 2023-07-03 20:05:24.667 ServerApp] Starting buffering for 8d35ce1f-12ce-4eb0-aaea-62ce5470314c:113b80ef-c5d1-4a77-b794-92f22bbf0a77
[IPKernelApp] ERROR | No such comm target registered: jupyter.widget.control
[IPKernelApp] WARNING | No such comm: 47556f33-c9a7-4a72-ac70-7f308dda7e92
[I 2023-07-03 20:06:16.540 ServerApp] Saving file at /main.ipynb
2023-07-03 20:07:18.791882: I tensorflow/core/util/util.cc:169] oneDNN custom operations are on. You may see slightly different numerical results due to floating-point round-off errors from different computation orders. To turn them off, set the environment variable `TF_ENABLE_ONEDNN_OPTS=0`.
[I 2023-07-03 20:08:17.534 ServerApp] Saving file at /main.ipynb
[I 2023-07-03 20:09:05.003 ServerApp] Kernel interrupted: 8d35ce1f-12ce-4eb0-aaea-62ce5470314c
[I 2023-07-03 20:09:10.566 ServerApp] Saving file at /main.ipynb
[I 2023-07-03 20:11:11.721 ServerApp] Saving file at /main.ipynb
